#
# There is insufficient memory for the Java Runtime Environment to continue.
# Native memory allocation (malloc) failed to allocate 1953456 bytes for Chunk::new
# Possible reasons:
#   The system is out of physical RAM or swap space
#   The process is running with CompressedOops enabled, and the Java Heap may be blocking the growth of the native heap
# Possible solutions:
#   Reduce memory load on the system
#   Increase physical memory or swap space
#   Check if swap backing store is full
#   Decrease Java heap size (-Xmx/-Xms)
#   Decrease number of Java threads
#   Decrease Java thread stack sizes (-Xss)
#   Set larger code cache with -XX:ReservedCodeCacheSize=
#   JVM is running with Unscaled Compressed Oops mode in which the Java heap is
#     placed in the first 4GB address space. The Java Heap base address is the
#     maximum limit for the native heap growth. Please use -XX:HeapBaseMinAddress
#     to set the Java Heap base and to place the Java Heap above 4GB virtual address.
# This output file may be truncated or incomplete.
#
#  Out of Memory Error (./src/hotspot/share/memory/arena.cpp:197), pid=23044, tid=15448
#
# JRE version: OpenJDK Runtime Environment Corretto-11.0.17.8.1 (11.0.17+8) (build 11.0.17+8-LTS)
# Java VM: OpenJDK 64-Bit Server VM Corretto-11.0.17.8.1 (11.0.17+8-LTS, mixed mode, tiered, compressed oops, g1 gc, windows-amd64)
# No core dump will be written. Minidumps are not enabled by default on client versions of Windows
#

---------------  S U M M A R Y ------------

Command Line: -Dfile.encoding=windows-1252 -Duser.country=PE -Duser.language=es -Duser.variant com.r2g.msshopping.MsShoppingApplication

Host: AMD Ryzen 5 3500U with Radeon Vega Mobile Gfx  , 8 cores, 5G,  Windows 11 , 64 bit Build 22621 (10.0.22621.755)
Time: Fri Nov 18 18:30:24 2022 Hora est. Pacífico, Sudamérica elapsed time: 16.435832 seconds (0d 0h 0m 16s)

---------------  T H R E A D  ---------------

Current thread (0x000001e672892800):  JavaThread "C2 CompilerThread1" daemon [_thread_in_native, id=15448, stack(0x00000071efc00000,0x00000071efd00000)]


Current CompileTask:
C2:  16436 4306   !   4       org.springframework.core.annotation.AnnotationsScanner::processClassHierarchy (227 bytes)

Stack: [0x00000071efc00000,0x00000071efd00000]
Native frames: (J=compiled Java code, j=interpreted, Vv=VM code, C=native code)
V  [jvm.dll+0x61f66a]
V  [jvm.dll+0x7ac889]
V  [jvm.dll+0x7adf78]
V  [jvm.dll+0x7ae653]
V  [jvm.dll+0x24fbe8]
V  [jvm.dll+0xc262c]
V  [jvm.dll+0xc2bec]
V  [jvm.dll+0x35a037]
V  [jvm.dll+0x19eac1]
V  [jvm.dll+0x209165]
V  [jvm.dll+0x20818d]
V  [jvm.dll+0x18a3c1]
V  [jvm.dll+0x217894]
V  [jvm.dll+0x215adb]
V  [jvm.dll+0x76f380]
V  [jvm.dll+0x7682b4]
V  [jvm.dll+0x61e4d5]
C  [ucrtbase.dll+0x29363]
C  [KERNEL32.DLL+0x1244d]
C  [ntdll.dll+0x5dfb8]


---------------  P R O C E S S  ---------------

Threads class SMR info:
_java_thread_list=0x000001e676f98960, length=15, elements={
0x000001e651f2c000, 0x000001e671c30800, 0x000001e671c3a000, 0x000001e671c4d000,
0x000001e671c51800, 0x000001e671c52800, 0x000001e671c58800, 0x000001e671c63000,
0x000001e671c66000, 0x000001e6727c2000, 0x000001e672892800, 0x000001e675f53800,
0x000001e676b90000, 0x000001e675e34800, 0x000001e67718d000
}

Java Threads: ( => current thread )
  0x000001e651f2c000 JavaThread "main" [_thread_in_Java, id=25192, stack(0x00000071eeb00000,0x00000071eec00000)]
  0x000001e671c30800 JavaThread "Reference Handler" daemon [_thread_blocked, id=16544, stack(0x00000071ef200000,0x00000071ef300000)]
  0x000001e671c3a000 JavaThread "Finalizer" daemon [_thread_blocked, id=15300, stack(0x00000071ef300000,0x00000071ef400000)]
  0x000001e671c4d000 JavaThread "Signal Dispatcher" daemon [_thread_blocked, id=29904, stack(0x00000071ef400000,0x00000071ef500000)]
  0x000001e671c51800 JavaThread "Attach Listener" daemon [_thread_blocked, id=12628, stack(0x00000071ef500000,0x00000071ef600000)]
  0x000001e671c52800 JavaThread "Service Thread" daemon [_thread_blocked, id=12896, stack(0x00000071ef600000,0x00000071ef700000)]
  0x000001e671c58800 JavaThread "C2 CompilerThread0" daemon [_thread_in_native, id=10296, stack(0x00000071ef700000,0x00000071ef800000)]
  0x000001e671c63000 JavaThread "C1 CompilerThread0" daemon [_thread_blocked, id=25816, stack(0x00000071ef800000,0x00000071ef900000)]
  0x000001e671c66000 JavaThread "Sweeper thread" daemon [_thread_blocked, id=29796, stack(0x00000071ef900000,0x00000071efa00000)]
  0x000001e6727c2000 JavaThread "Common-Cleaner" daemon [_thread_blocked, id=16780, stack(0x00000071efb00000,0x00000071efc00000)]
=>0x000001e672892800 JavaThread "C2 CompilerThread1" daemon [_thread_in_native, id=15448, stack(0x00000071efc00000,0x00000071efd00000)]
  0x000001e675f53800 JavaThread "HikariPool-1 housekeeper" daemon [_thread_blocked, id=28968, stack(0x00000071efe00000,0x00000071eff00000)]
  0x000001e676b90000 JavaThread "Catalina-utility-1" [_thread_blocked, id=30028, stack(0x00000071f0300000,0x00000071f0400000)]
  0x000001e675e34800 JavaThread "Catalina-utility-2" [_thread_blocked, id=1956, stack(0x00000071f0400000,0x00000071f0500000)]
  0x000001e67718d000 JavaThread "container-0" [_thread_blocked, id=30548, stack(0x00000071f0500000,0x00000071f0600000)]

Other Threads:
  0x000001e671c0e000 VMThread "VM Thread" [stack: 0x00000071ef100000,0x00000071ef200000] [id=2904]
  0x000001e6727b6000 WatcherThread [stack: 0x00000071efa00000,0x00000071efb00000] [id=9536]
  0x000001e651f42800 GCTaskThread "GC Thread#0" [stack: 0x00000071eec00000,0x00000071eed00000] [id=17916]
  0x000001e6730ef800 GCTaskThread "GC Thread#1" [stack: 0x00000071efd00000,0x00000071efe00000] [id=24364]
  0x000001e673990000 GCTaskThread "GC Thread#2" [stack: 0x00000071eff00000,0x00000071f0000000] [id=23572]
  0x000001e673848000 GCTaskThread "GC Thread#3" [stack: 0x00000071f0000000,0x00000071f0100000] [id=3804]
  0x000001e677346000 GCTaskThread "GC Thread#4" [stack: 0x00000071f0600000,0x00000071f0700000] [id=30112]
  0x000001e67a31d800 GCTaskThread "GC Thread#5" [stack: 0x00000071f0700000,0x00000071f0800000] [id=30500]
  0x000001e676b76000 GCTaskThread "GC Thread#6" [stack: 0x00000071f0800000,0x00000071f0900000] [id=29320]
  0x000001e675e76800 GCTaskThread "GC Thread#7" [stack: 0x00000071f0900000,0x00000071f0a00000] [id=23960]
  0x000001e651f6d000 ConcurrentGCThread "G1 Main Marker" [stack: 0x00000071eed00000,0x00000071eee00000] [id=11332]
  0x000001e651f6f000 ConcurrentGCThread "G1 Conc#0" [stack: 0x00000071eee00000,0x00000071eef00000] [id=21544]
  0x000001e673538800 ConcurrentGCThread "G1 Conc#1" [stack: 0x00000071f0100000,0x00000071f0200000] [id=12680]
  0x000001e671a80800 ConcurrentGCThread "G1 Refine#0" [stack: 0x00000071eef00000,0x00000071ef000000] [id=28588]
  0x000001e651fe7000 ConcurrentGCThread "G1 Young RemSet Sampling" [stack: 0x00000071ef000000,0x00000071ef100000] [id=30648]

Threads with active compile tasks:
C2 CompilerThread0    16597 4245       4       org.springframework.core.annotation.AnnotationsScanner::getDeclaredAnnotations (166 bytes)
C2 CompilerThread1    16599 4306   !   4       org.springframework.core.annotation.AnnotationsScanner::processClassHierarchy (227 bytes)

VM state:not at safepoint (normal execution)

VM Mutex/Monitor currently owned by a thread: None

Heap address: 0x00000000a0e00000, size: 1522 MB, Compressed Oops mode: 32-bit
Narrow klass base: 0x0000000000000000, Narrow klass shift: 3
Compressed class space size: 1073741824 Address: 0x0000000100000000

Heap:
 garbage-first heap   total 120832K, used 54692K [0x00000000a0e00000, 0x0000000100000000)
  region size 1024K, 39 young (39936K), 4 survivors (4096K)
 Metaspace       used 62983K, capacity 64558K, committed 64768K, reserved 1105920K
  class space    used 7946K, capacity 8582K, committed 8704K, reserved 1048576K
Heap Regions: E=young(eden), S=young(survivor), O=old, HS=humongous(starts), HC=humongous(continues), CS=collection set, F=free, A=archive, TAMS=top-at-mark-start (previous, next)
|   0|0x00000000a0e00000, 0x00000000a0f00000, 0x00000000a0f00000|100%|HS|  |TAMS 0x00000000a0f00000, 0x00000000a0e00000| Complete 
|   1|0x00000000a0f00000, 0x00000000a1000000, 0x00000000a1000000|100%| O|  |TAMS 0x00000000a1000000, 0x00000000a0f00000| Untracked 
|   2|0x00000000a1000000, 0x00000000a1100000, 0x00000000a1100000|100%| O|  |TAMS 0x00000000a1100000, 0x00000000a1000000| Untracked 
|   3|0x00000000a1100000, 0x00000000a1200000, 0x00000000a1200000|100%| O|  |TAMS 0x00000000a1200000, 0x00000000a1100000| Untracked 
|   4|0x00000000a1200000, 0x00000000a1300000, 0x00000000a1300000|100%| O|  |TAMS 0x00000000a1300000, 0x00000000a1200000| Untracked 
|   5|0x00000000a1300000, 0x00000000a1400000, 0x00000000a1400000|100%| O|  |TAMS 0x00000000a1400000, 0x00000000a1300000| Untracked 
|   6|0x00000000a1400000, 0x00000000a1500000, 0x00000000a1500000|100%| O|  |TAMS 0x00000000a1500000, 0x00000000a1400000| Untracked 
|   7|0x00000000a1500000, 0x00000000a1600000, 0x00000000a1600000|100%| O|  |TAMS 0x00000000a1600000, 0x00000000a1500000| Untracked 
|   8|0x00000000a1600000, 0x00000000a1700000, 0x00000000a1700000|100%| O|  |TAMS 0x00000000a1700000, 0x00000000a1600000| Untracked 
|   9|0x00000000a1700000, 0x00000000a1800000, 0x00000000a1800000|100%| O|  |TAMS 0x00000000a1800000, 0x00000000a1700000| Untracked 
|  10|0x00000000a1800000, 0x00000000a1900000, 0x00000000a1900000|100%| O|  |TAMS 0x00000000a1900000, 0x00000000a1800000| Untracked 
|  11|0x00000000a1900000, 0x00000000a1a00000, 0x00000000a1a00000|100%| O|  |TAMS 0x00000000a1a00000, 0x00000000a1900000| Untracked 
|  12|0x00000000a1a00000, 0x00000000a1b00000, 0x00000000a1b00000|100%| O|  |TAMS 0x00000000a1b00000, 0x00000000a1a00000| Untracked 
|  13|0x00000000a1b00000, 0x00000000a1c00000, 0x00000000a1c00000|100%| O|  |TAMS 0x00000000a1c00000, 0x00000000a1b00000| Untracked 
|  14|0x00000000a1c00000, 0x00000000a1d00000, 0x00000000a1d00000|100%| O|  |TAMS 0x00000000a1d00000, 0x00000000a1c00000| Untracked 
|  15|0x00000000a1d00000, 0x00000000a1e00000, 0x00000000a1e00000|100%| O|  |TAMS 0x00000000a1e00000, 0x00000000a1d00000| Untracked 
|  16|0x00000000a1e00000, 0x00000000a1e49e00, 0x00000000a1f00000| 28%| O|  |TAMS 0x00000000a1e49e00, 0x00000000a1e00000| Untracked 
|  17|0x00000000a1f00000, 0x00000000a1f00000, 0x00000000a2000000|  0%| F|  |TAMS 0x00000000a1f00000, 0x00000000a1f00000| Untracked 
|  18|0x00000000a2000000, 0x00000000a2000000, 0x00000000a2100000|  0%| F|  |TAMS 0x00000000a2000000, 0x00000000a2000000| Untracked 
|  19|0x00000000a2100000, 0x00000000a2100000, 0x00000000a2200000|  0%| F|  |TAMS 0x00000000a2100000, 0x00000000a2100000| Untracked 
|  20|0x00000000a2200000, 0x00000000a2200000, 0x00000000a2300000|  0%| F|  |TAMS 0x00000000a2200000, 0x00000000a2200000| Untracked 
|  21|0x00000000a2300000, 0x00000000a2300000, 0x00000000a2400000|  0%| F|  |TAMS 0x00000000a2300000, 0x00000000a2300000| Untracked 
|  22|0x00000000a2400000, 0x00000000a2400000, 0x00000000a2500000|  0%| F|  |TAMS 0x00000000a2400000, 0x00000000a2400000| Untracked 
|  23|0x00000000a2500000, 0x00000000a2500000, 0x00000000a2600000|  0%| F|  |TAMS 0x00000000a2500000, 0x00000000a2500000| Untracked 
|  24|0x00000000a2600000, 0x00000000a2600000, 0x00000000a2700000|  0%| F|  |TAMS 0x00000000a2600000, 0x00000000a2600000| Untracked 
|  25|0x00000000a2700000, 0x00000000a2700000, 0x00000000a2800000|  0%| F|  |TAMS 0x00000000a2700000, 0x00000000a2700000| Untracked 
|  26|0x00000000a2800000, 0x00000000a2800000, 0x00000000a2900000|  0%| F|  |TAMS 0x00000000a2800000, 0x00000000a2800000| Untracked 
|  27|0x00000000a2900000, 0x00000000a2900000, 0x00000000a2a00000|  0%| F|  |TAMS 0x00000000a2900000, 0x00000000a2900000| Untracked 
|  28|0x00000000a2a00000, 0x00000000a2a00000, 0x00000000a2b00000|  0%| F|  |TAMS 0x00000000a2a00000, 0x00000000a2a00000| Untracked 
|  29|0x00000000a2b00000, 0x00000000a2b00000, 0x00000000a2c00000|  0%| F|  |TAMS 0x00000000a2b00000, 0x00000000a2b00000| Untracked 
|  30|0x00000000a2c00000, 0x00000000a2c00000, 0x00000000a2d00000|  0%| F|  |TAMS 0x00000000a2c00000, 0x00000000a2c00000| Untracked 
|  31|0x00000000a2d00000, 0x00000000a2d00000, 0x00000000a2e00000|  0%| F|  |TAMS 0x00000000a2d00000, 0x00000000a2d00000| Untracked 
|  32|0x00000000a2e00000, 0x00000000a2e00000, 0x00000000a2f00000|  0%| F|  |TAMS 0x00000000a2e00000, 0x00000000a2e00000| Untracked 
|  33|0x00000000a2f00000, 0x00000000a2f00000, 0x00000000a3000000|  0%| F|  |TAMS 0x00000000a2f00000, 0x00000000a2f00000| Untracked 
|  34|0x00000000a3000000, 0x00000000a3000000, 0x00000000a3100000|  0%| F|  |TAMS 0x00000000a3000000, 0x00000000a3000000| Untracked 
|  35|0x00000000a3100000, 0x00000000a3100000, 0x00000000a3200000|  0%| F|  |TAMS 0x00000000a3100000, 0x00000000a3100000| Untracked 
|  36|0x00000000a3200000, 0x00000000a3200000, 0x00000000a3300000|  0%| F|  |TAMS 0x00000000a3200000, 0x00000000a3200000| Untracked 
|  37|0x00000000a3300000, 0x00000000a3300000, 0x00000000a3400000|  0%| F|  |TAMS 0x00000000a3300000, 0x00000000a3300000| Untracked 
|  38|0x00000000a3400000, 0x00000000a3400000, 0x00000000a3500000|  0%| F|  |TAMS 0x00000000a3400000, 0x00000000a3400000| Untracked 
|  39|0x00000000a3500000, 0x00000000a3500000, 0x00000000a3600000|  0%| F|  |TAMS 0x00000000a3500000, 0x00000000a3500000| Untracked 
|  40|0x00000000a3600000, 0x00000000a3600000, 0x00000000a3700000|  0%| F|  |TAMS 0x00000000a3600000, 0x00000000a3600000| Untracked 
|  41|0x00000000a3700000, 0x00000000a3700000, 0x00000000a3800000|  0%| F|  |TAMS 0x00000000a3700000, 0x00000000a3700000| Untracked 
|  42|0x00000000a3800000, 0x00000000a3800000, 0x00000000a3900000|  0%| F|  |TAMS 0x00000000a3800000, 0x00000000a3800000| Untracked 
|  43|0x00000000a3900000, 0x00000000a3900000, 0x00000000a3a00000|  0%| F|  |TAMS 0x00000000a3900000, 0x00000000a3900000| Untracked 
|  44|0x00000000a3a00000, 0x00000000a3a00000, 0x00000000a3b00000|  0%| F|  |TAMS 0x00000000a3a00000, 0x00000000a3a00000| Untracked 
|  45|0x00000000a3b00000, 0x00000000a3b00000, 0x00000000a3c00000|  0%| F|  |TAMS 0x00000000a3b00000, 0x00000000a3b00000| Untracked 
|  46|0x00000000a3c00000, 0x00000000a3c00000, 0x00000000a3d00000|  0%| F|  |TAMS 0x00000000a3c00000, 0x00000000a3c00000| Untracked 
|  47|0x00000000a3d00000, 0x00000000a3d00000, 0x00000000a3e00000|  0%| F|  |TAMS 0x00000000a3d00000, 0x00000000a3d00000| Untracked 
|  48|0x00000000a3e00000, 0x00000000a3e00000, 0x00000000a3f00000|  0%| F|  |TAMS 0x00000000a3e00000, 0x00000000a3e00000| Untracked 
|  49|0x00000000a3f00000, 0x00000000a3f00000, 0x00000000a4000000|  0%| F|  |TAMS 0x00000000a3f00000, 0x00000000a3f00000| Untracked 
|  50|0x00000000a4000000, 0x00000000a4000000, 0x00000000a4100000|  0%| F|  |TAMS 0x00000000a4000000, 0x00000000a4000000| Untracked 
|  51|0x00000000a4100000, 0x00000000a4100000, 0x00000000a4200000|  0%| F|  |TAMS 0x00000000a4100000, 0x00000000a4100000| Untracked 
|  52|0x00000000a4200000, 0x00000000a4200000, 0x00000000a4300000|  0%| F|  |TAMS 0x00000000a4200000, 0x00000000a4200000| Untracked 
|  53|0x00000000a4300000, 0x00000000a4300000, 0x00000000a4400000|  0%| F|  |TAMS 0x00000000a4300000, 0x00000000a4300000| Untracked 
|  54|0x00000000a4400000, 0x00000000a4400000, 0x00000000a4500000|  0%| F|  |TAMS 0x00000000a4400000, 0x00000000a4400000| Untracked 
|  55|0x00000000a4500000, 0x00000000a4500000, 0x00000000a4600000|  0%| F|  |TAMS 0x00000000a4500000, 0x00000000a4500000| Untracked 
|  56|0x00000000a4600000, 0x00000000a4600000, 0x00000000a4700000|  0%| F|  |TAMS 0x00000000a4600000, 0x00000000a4600000| Untracked 
|  57|0x00000000a4700000, 0x00000000a4700000, 0x00000000a4800000|  0%| F|  |TAMS 0x00000000a4700000, 0x00000000a4700000| Untracked 
|  58|0x00000000a4800000, 0x00000000a4800000, 0x00000000a4900000|  0%| F|  |TAMS 0x00000000a4800000, 0x00000000a4800000| Untracked 
|  59|0x00000000a4900000, 0x00000000a4900000, 0x00000000a4a00000|  0%| F|  |TAMS 0x00000000a4900000, 0x00000000a4900000| Untracked 
|  60|0x00000000a4a00000, 0x00000000a4a00000, 0x00000000a4b00000|  0%| F|  |TAMS 0x00000000a4a00000, 0x00000000a4a00000| Untracked 
|  61|0x00000000a4b00000, 0x00000000a4b00000, 0x00000000a4c00000|  0%| F|  |TAMS 0x00000000a4b00000, 0x00000000a4b00000| Untracked 
|  62|0x00000000a4c00000, 0x00000000a4c00000, 0x00000000a4d00000|  0%| F|  |TAMS 0x00000000a4c00000, 0x00000000a4c00000| Untracked 
|  63|0x00000000a4d00000, 0x00000000a4d00000, 0x00000000a4e00000|  0%| F|  |TAMS 0x00000000a4d00000, 0x00000000a4d00000| Untracked 
|  64|0x00000000a4e00000, 0x00000000a4e00000, 0x00000000a4f00000|  0%| F|  |TAMS 0x00000000a4e00000, 0x00000000a4e00000| Untracked 
|  65|0x00000000a4f00000, 0x00000000a4f00000, 0x00000000a5000000|  0%| F|  |TAMS 0x00000000a4f00000, 0x00000000a4f00000| Untracked 
|  66|0x00000000a5000000, 0x00000000a5000000, 0x00000000a5100000|  0%| F|  |TAMS 0x00000000a5000000, 0x00000000a5000000| Untracked 
|  67|0x00000000a5100000, 0x00000000a5100000, 0x00000000a5200000|  0%| F|  |TAMS 0x00000000a5100000, 0x00000000a5100000| Untracked 
|  68|0x00000000a5200000, 0x00000000a5200000, 0x00000000a5300000|  0%| F|  |TAMS 0x00000000a5200000, 0x00000000a5200000| Untracked 
|  69|0x00000000a5300000, 0x00000000a5300000, 0x00000000a5400000|  0%| F|  |TAMS 0x00000000a5300000, 0x00000000a5300000| Untracked 
|  70|0x00000000a5400000, 0x00000000a5400000, 0x00000000a5500000|  0%| F|  |TAMS 0x00000000a5400000, 0x00000000a5400000| Untracked 
|  71|0x00000000a5500000, 0x00000000a5500000, 0x00000000a5600000|  0%| F|  |TAMS 0x00000000a5500000, 0x00000000a5500000| Untracked 
|  72|0x00000000a5600000, 0x00000000a5600000, 0x00000000a5700000|  0%| F|  |TAMS 0x00000000a5600000, 0x00000000a5600000| Untracked 
|  73|0x00000000a5700000, 0x00000000a5700000, 0x00000000a5800000|  0%| F|  |TAMS 0x00000000a5700000, 0x00000000a5700000| Untracked 
|  74|0x00000000a5800000, 0x00000000a5800000, 0x00000000a5900000|  0%| F|  |TAMS 0x00000000a5800000, 0x00000000a5800000| Untracked 
|  75|0x00000000a5900000, 0x00000000a5900000, 0x00000000a5a00000|  0%| F|  |TAMS 0x00000000a5900000, 0x00000000a5900000| Untracked 
|  76|0x00000000a5a00000, 0x00000000a5a00000, 0x00000000a5b00000|  0%| F|  |TAMS 0x00000000a5a00000, 0x00000000a5a00000| Untracked 
|  77|0x00000000a5b00000, 0x00000000a5b00000, 0x00000000a5c00000|  0%| F|  |TAMS 0x00000000a5b00000, 0x00000000a5b00000| Untracked 
|  78|0x00000000a5c00000, 0x00000000a5c80800, 0x00000000a5d00000| 50%| E|  |TAMS 0x00000000a5c00000, 0x00000000a5c00000| Complete 
|  79|0x00000000a5d00000, 0x00000000a5e00000, 0x00000000a5e00000|100%| E|CS|TAMS 0x00000000a5d00000, 0x00000000a5d00000| Complete 
|  80|0x00000000a5e00000, 0x00000000a5f00000, 0x00000000a5f00000|100%| E|CS|TAMS 0x00000000a5e00000, 0x00000000a5e00000| Complete 
|  81|0x00000000a5f00000, 0x00000000a6000000, 0x00000000a6000000|100%| E|CS|TAMS 0x00000000a5f00000, 0x00000000a5f00000| Complete 
|  82|0x00000000a6000000, 0x00000000a6100000, 0x00000000a6100000|100%| E|CS|TAMS 0x00000000a6000000, 0x00000000a6000000| Complete 
|  83|0x00000000a6100000, 0x00000000a6200000, 0x00000000a6200000|100%| E|CS|TAMS 0x00000000a6100000, 0x00000000a6100000| Complete 
|  84|0x00000000a6200000, 0x00000000a6300000, 0x00000000a6300000|100%| E|CS|TAMS 0x00000000a6200000, 0x00000000a6200000| Complete 
|  85|0x00000000a6300000, 0x00000000a6400000, 0x00000000a6400000|100%| E|CS|TAMS 0x00000000a6300000, 0x00000000a6300000| Complete 
|  86|0x00000000a6400000, 0x00000000a641f4e8, 0x00000000a6500000| 12%| S|CS|TAMS 0x00000000a6400000, 0x00000000a6400000| Complete 
|  87|0x00000000a6500000, 0x00000000a6600000, 0x00000000a6600000|100%| S|CS|TAMS 0x00000000a6500000, 0x00000000a6500000| Complete 
|  88|0x00000000a6600000, 0x00000000a6700000, 0x00000000a6700000|100%| S|CS|TAMS 0x00000000a6600000, 0x00000000a6600000| Complete 
|  89|0x00000000a6700000, 0x00000000a6800000, 0x00000000a6800000|100%| S|CS|TAMS 0x00000000a6700000, 0x00000000a6700000| Complete 
|  90|0x00000000a6800000, 0x00000000a6900000, 0x00000000a6900000|100%| E|CS|TAMS 0x00000000a6800000, 0x00000000a6800000| Complete 
|  91|0x00000000a6900000, 0x00000000a6a00000, 0x00000000a6a00000|100%| E|CS|TAMS 0x00000000a6900000, 0x00000000a6900000| Complete 
|  92|0x00000000a6a00000, 0x00000000a6b00000, 0x00000000a6b00000|100%| E|CS|TAMS 0x00000000a6a00000, 0x00000000a6a00000| Complete 
|  93|0x00000000a6b00000, 0x00000000a6c00000, 0x00000000a6c00000|100%| E|CS|TAMS 0x00000000a6b00000, 0x00000000a6b00000| Complete 
|  94|0x00000000a6c00000, 0x00000000a6d00000, 0x00000000a6d00000|100%| E|CS|TAMS 0x00000000a6c00000, 0x00000000a6c00000| Complete 
|  95|0x00000000a6d00000, 0x00000000a6e00000, 0x00000000a6e00000|100%| E|CS|TAMS 0x00000000a6d00000, 0x00000000a6d00000| Complete 
|  96|0x00000000a6e00000, 0x00000000a6f00000, 0x00000000a6f00000|100%| E|CS|TAMS 0x00000000a6e00000, 0x00000000a6e00000| Complete 
|  97|0x00000000a6f00000, 0x00000000a7000000, 0x00000000a7000000|100%| E|CS|TAMS 0x00000000a6f00000, 0x00000000a6f00000| Complete 
|  98|0x00000000a7000000, 0x00000000a7100000, 0x00000000a7100000|100%| E|CS|TAMS 0x00000000a7000000, 0x00000000a7000000| Complete 
|  99|0x00000000a7100000, 0x00000000a7200000, 0x00000000a7200000|100%| E|CS|TAMS 0x00000000a7100000, 0x00000000a7100000| Complete 
| 100|0x00000000a7200000, 0x00000000a7300000, 0x00000000a7300000|100%| E|CS|TAMS 0x00000000a7200000, 0x00000000a7200000| Complete 
| 101|0x00000000a7300000, 0x00000000a7400000, 0x00000000a7400000|100%| E|CS|TAMS 0x00000000a7300000, 0x00000000a7300000| Complete 
| 102|0x00000000a7400000, 0x00000000a7500000, 0x00000000a7500000|100%| E|CS|TAMS 0x00000000a7400000, 0x00000000a7400000| Complete 
| 103|0x00000000a7500000, 0x00000000a7600000, 0x00000000a7600000|100%| E|CS|TAMS 0x00000000a7500000, 0x00000000a7500000| Complete 
| 104|0x00000000a7600000, 0x00000000a7700000, 0x00000000a7700000|100%| E|CS|TAMS 0x00000000a7600000, 0x00000000a7600000| Complete 
| 105|0x00000000a7700000, 0x00000000a7800000, 0x00000000a7800000|100%| E|CS|TAMS 0x00000000a7700000, 0x00000000a7700000| Complete 
| 106|0x00000000a7800000, 0x00000000a7900000, 0x00000000a7900000|100%| E|CS|TAMS 0x00000000a7800000, 0x00000000a7800000| Complete 
| 107|0x00000000a7900000, 0x00000000a7a00000, 0x00000000a7a00000|100%| E|CS|TAMS 0x00000000a7900000, 0x00000000a7900000| Complete 
| 108|0x00000000a7a00000, 0x00000000a7b00000, 0x00000000a7b00000|100%| E|CS|TAMS 0x00000000a7a00000, 0x00000000a7a00000| Complete 
| 109|0x00000000a7b00000, 0x00000000a7c00000, 0x00000000a7c00000|100%| E|CS|TAMS 0x00000000a7b00000, 0x00000000a7b00000| Complete 
| 110|0x00000000a7c00000, 0x00000000a7d00000, 0x00000000a7d00000|100%| E|CS|TAMS 0x00000000a7c00000, 0x00000000a7c00000| Complete 
| 111|0x00000000a7d00000, 0x00000000a7e00000, 0x00000000a7e00000|100%| E|CS|TAMS 0x00000000a7d00000, 0x00000000a7d00000| Complete 
| 112|0x00000000a7e00000, 0x00000000a7f00000, 0x00000000a7f00000|100%| E|CS|TAMS 0x00000000a7e00000, 0x00000000a7e00000| Complete 
| 113|0x00000000a7f00000, 0x00000000a8000000, 0x00000000a8000000|100%| E|CS|TAMS 0x00000000a7f00000, 0x00000000a7f00000| Complete 
| 114|0x00000000a8000000, 0x00000000a8100000, 0x00000000a8100000|100%| E|CS|TAMS 0x00000000a8000000, 0x00000000a8000000| Complete 
| 115|0x00000000a8100000, 0x00000000a8200000, 0x00000000a8200000|100%| E|CS|TAMS 0x00000000a8100000, 0x00000000a8100000| Complete 
| 116|0x00000000a8200000, 0x00000000a8300000, 0x00000000a8300000|100%| E|CS|TAMS 0x00000000a8200000, 0x00000000a8200000| Complete 
| 117|0x00000000a8300000, 0x00000000a8400000, 0x00000000a8400000|100%| E|CS|TAMS 0x00000000a8300000, 0x00000000a8300000| Complete 

Card table byte_map: [0x000001e66bbe0000,0x000001e66bee0000] _byte_map_base: 0x000001e66b6d9000

Marking Bits (Prev, Next): (CMBitMap*) 0x000001e651f66270, (CMBitMap*) 0x000001e651f66238
 Prev Bits: [0x000001e66d9b0000, 0x000001e66f178000)
 Next Bits: [0x000001e66c1e0000, 0x000001e66d9a8000)

Polling page: 0x000001e651ff0000

Metaspace:

Usage:
  Non-class:     54.66 MB capacity,    53.75 MB ( 98%) used,   745.25 KB (  1%) free+waste,   194.38 KB ( <1%) overhead. 
      Class:      8.38 MB capacity,     7.76 MB ( 93%) used,   543.92 KB (  6%) free+waste,    91.19 KB (  1%) overhead. 
       Both:     63.04 MB capacity,    61.51 MB ( 98%) used,     1.26 MB (  2%) free+waste,   285.56 KB ( <1%) overhead. 

Virtual space:
  Non-class space:       56.00 MB reserved,      54.75 MB ( 98%) committed 
      Class space:        1.00 GB reserved,       8.50 MB ( <1%) committed 
             Both:        1.05 GB reserved,      63.25 MB (  6%) committed 

Chunk freelists:
   Non-Class:  24.00 KB
       Class:  26.00 KB
        Both:  50.00 KB

MaxMetaspaceSize: 17179869184.00 GB
CompressedClassSpaceSize: 1.00 GB
Initial GC threshold: 20.80 MB
Current GC threshold: 97.92 MB
CDS: off

CodeHeap 'non-profiled nmethods': size=120000Kb used=2772Kb max_used=2772Kb free=117227Kb
 bounds [0x000001e663940000, 0x000001e663c00000, 0x000001e66ae70000]
CodeHeap 'profiled nmethods': size=120000Kb used=9950Kb max_used=9950Kb free=110049Kb
 bounds [0x000001e65c410000, 0x000001e65cdd0000, 0x000001e663940000]
CodeHeap 'non-nmethods': size=5760Kb used=1298Kb max_used=1328Kb free=4461Kb
 bounds [0x000001e65be70000, 0x000001e65c0e0000, 0x000001e65c410000]
 total_blobs=5017 nmethods=4422 adapters=506
 compilation: enabled
              stopped_count=0, restarted_count=0
 full_count=0

Compilation events (20 events):
Event: 16.275 Thread 0x000001e671c63000 4481       2       java.util.regex.Pattern$Node::study (21 bytes)
Event: 16.276 Thread 0x000001e671c63000 nmethod 4481 0x000001e65cdbc310 code [0x000001e65cdbc4c0, 0x000001e65cdbc608]
Event: 16.276 Thread 0x000001e671c63000 4482       2       java.lang.invoke.Invokers$Holder::linkToTargetMethod (9 bytes)
Event: 16.277 Thread 0x000001e671c63000 nmethod 4482 0x000001e65cdbc710 code [0x000001e65cdbc8e0, 0x000001e65cdbca18]
Event: 16.277 Thread 0x000001e671c63000 4483       2       java.lang.invoke.DirectMethodHandle$Holder::invokeStatic (14 bytes)
Event: 16.277 Thread 0x000001e671c63000 nmethod 4483 0x000001e65cdbcb10 code [0x000001e65cdbcce0, 0x000001e65cdbce18]
Event: 16.354 Thread 0x000001e671c63000 4486       2       java.util.regex.Matcher::start (65 bytes)
Event: 16.359 Thread 0x000001e671c63000 nmethod 4486 0x000001e65cdbcf10 code [0x000001e65cdbd140, 0x000001e65cdbd648]
Event: 16.359 Thread 0x000001e671c63000 4487       2       java.util.HashMap::forEach (112 bytes)
Event: 16.363 Thread 0x000001e671c63000 nmethod 4487 0x000001e65cdbd910 code [0x000001e65cdbdb00, 0x000001e65cdbdee8]
Event: 16.363 Thread 0x000001e671c63000 4489       2       java.util.regex.Pattern::lambda$clazz$1 (22 bytes)
Event: 16.364 Thread 0x000001e671c63000 nmethod 4489 0x000001e65cdbe110 code [0x000001e65cdbe2c0, 0x000001e65cdbe3f8]
Event: 16.364 Thread 0x000001e671c63000 4488       2       java.util.regex.Pattern$$Lambda$90/0x000000010016dc40::is (9 bytes)
Event: 16.364 Thread 0x000001e671c63000 nmethod 4488 0x000001e65cdbe510 code [0x000001e65cdbe6c0, 0x000001e65cdbe818]
Event: 16.364 Thread 0x000001e671c63000 4485       2       java.util.regex.Matcher::end (67 bytes)
Event: 16.369 Thread 0x000001e671c63000 nmethod 4485 0x000001e65cdbe910 code [0x000001e65cdbeb40, 0x000001e65cdbf048]
Event: 16.372 Thread 0x000001e671c63000 4490       2       java.util.LinkedList$Node::<init> (20 bytes)
Event: 16.374 Thread 0x000001e671c63000 nmethod 4490 0x000001e65cdbf310 code [0x000001e65cdbf4c0, 0x000001e65cdbf6d8]
Event: 16.419 Thread 0x000001e671c63000 4491       2       org.springframework.transaction.annotation.AnnotationTransactionAttributeSource::findTransactionAttribute (6 bytes)
Event: 16.420 Thread 0x000001e671c63000 nmethod 4491 0x000001e65cdbf790 code [0x000001e65cdbf940, 0x000001e65cdbfa48]

GC Heap History (18 events):
Event: 1.373 GC heap before
{Heap before GC invocations=0 (full 0):
 garbage-first heap   total 98304K, used 24576K [0x00000000a0e00000, 0x0000000100000000)
  region size 1024K, 24 young (24576K), 0 survivors (0K)
 Metaspace       used 12177K, capacity 12450K, committed 12672K, reserved 1060864K
  class space    used 1196K, capacity 1286K, committed 1408K, reserved 1048576K
}
Event: 1.395 GC heap after
{Heap after GC invocations=1 (full 0):
 garbage-first heap   total 98304K, used 6545K [0x00000000a0e00000, 0x0000000100000000)
  region size 1024K, 3 young (3072K), 3 survivors (3072K)
 Metaspace       used 12177K, capacity 12450K, committed 12672K, reserved 1060864K
  class space    used 1196K, capacity 1286K, committed 1408K, reserved 1048576K
}
Event: 2.220 GC heap before
{Heap before GC invocations=1 (full 0):
 garbage-first heap   total 98304K, used 27025K [0x00000000a0e00000, 0x0000000100000000)
  region size 1024K, 23 young (23552K), 3 survivors (3072K)
 Metaspace       used 16976K, capacity 17369K, committed 17664K, reserved 1064960K
  class space    used 1822K, capacity 1979K, committed 2048K, reserved 1048576K
}
Event: 2.225 GC heap after
{Heap after GC invocations=2 (full 0):
 garbage-first heap   total 98304K, used 7578K [0x00000000a0e00000, 0x0000000100000000)
  region size 1024K, 2 young (2048K), 2 survivors (2048K)
 Metaspace       used 16976K, capacity 17369K, committed 17664K, reserved 1064960K
  class space    used 1822K, capacity 1979K, committed 2048K, reserved 1048576K
}
Event: 2.737 GC heap before
{Heap before GC invocations=2 (full 0):
 garbage-first heap   total 98304K, used 29082K [0x00000000a0e00000, 0x0000000100000000)
  region size 1024K, 25 young (25600K), 2 survivors (2048K)
 Metaspace       used 20780K, capacity 21192K, committed 21248K, reserved 1069056K
  class space    used 2332K, capacity 2504K, committed 2560K, reserved 1048576K
}
Event: 2.742 GC heap after
{Heap after GC invocations=3 (full 0):
 garbage-first heap   total 98304K, used 8326K [0x00000000a0e00000, 0x0000000100000000)
  region size 1024K, 2 young (2048K), 2 survivors (2048K)
 Metaspace       used 20780K, capacity 21192K, committed 21248K, reserved 1069056K
  class space    used 2332K, capacity 2504K, committed 2560K, reserved 1048576K
}
Event: 4.701 GC heap before
{Heap before GC invocations=4 (full 0):
 garbage-first heap   total 98304K, used 54406K [0x00000000a0e00000, 0x0000000100000000)
  region size 1024K, 48 young (49152K), 2 survivors (2048K)
 Metaspace       used 27526K, capacity 28152K, committed 28288K, reserved 1075200K
  class space    used 3166K, capacity 3417K, committed 3456K, reserved 1048576K
}
Event: 4.712 GC heap after
{Heap after GC invocations=5 (full 0):
 garbage-first heap   total 98304K, used 10466K [0x00000000a0e00000, 0x0000000100000000)
  region size 1024K, 4 young (4096K), 4 survivors (4096K)
 Metaspace       used 27526K, capacity 28152K, committed 28288K, reserved 1075200K
  class space    used 3166K, capacity 3417K, committed 3456K, reserved 1048576K
}
Event: 6.578 GC heap before
{Heap before GC invocations=5 (full 0):
 garbage-first heap   total 98304K, used 60642K [0x00000000a0e00000, 0x0000000100000000)
  region size 1024K, 53 young (54272K), 4 survivors (4096K)
 Metaspace       used 33132K, capacity 33943K, committed 34304K, reserved 1079296K
  class space    used 3907K, capacity 4229K, committed 4352K, reserved 1048576K
}
Event: 6.598 GC heap after
{Heap after GC invocations=6 (full 0):
 garbage-first heap   total 98304K, used 12177K [0x00000000a0e00000, 0x0000000100000000)
  region size 1024K, 5 young (5120K), 5 survivors (5120K)
 Metaspace       used 33132K, capacity 33943K, committed 34304K, reserved 1079296K
  class space    used 3907K, capacity 4229K, committed 4352K, reserved 1048576K
}
Event: 7.408 GC heap before
{Heap before GC invocations=6 (full 0):
 garbage-first heap   total 98304K, used 24465K [0x00000000a0e00000, 0x0000000100000000)
  region size 1024K, 18 young (18432K), 5 survivors (5120K)
 Metaspace       used 34926K, capacity 35744K, committed 35840K, reserved 1081344K
  class space    used 4157K, capacity 4464K, committed 4480K, reserved 1048576K
}
Event: 7.459 GC heap after
{Heap after GC invocations=7 (full 0):
 garbage-first heap   total 98304K, used 13268K [0x00000000a0e00000, 0x0000000100000000)
  region size 1024K, 4 young (4096K), 4 survivors (4096K)
 Metaspace       used 34926K, capacity 35744K, committed 35840K, reserved 1081344K
  class space    used 4157K, capacity 4464K, committed 4480K, reserved 1048576K
}
Event: 10.292 GC heap before
{Heap before GC invocations=8 (full 0):
 garbage-first heap   total 98304K, used 60372K [0x00000000a0e00000, 0x0000000100000000)
  region size 1024K, 50 young (51200K), 4 survivors (4096K)
 Metaspace       used 43412K, capacity 44488K, committed 44800K, reserved 1089536K
  class space    used 5116K, capacity 5567K, committed 5632K, reserved 1048576K
}
Event: 10.308 GC heap after
{Heap after GC invocations=9 (full 0):
 garbage-first heap   total 120832K, used 16939K [0x00000000a0e00000, 0x0000000100000000)
  region size 1024K, 7 young (7168K), 7 survivors (7168K)
 Metaspace       used 43412K, capacity 44488K, committed 44800K, reserved 1089536K
  class space    used 5116K, capacity 5567K, committed 5632K, reserved 1048576K
}
Event: 13.240 GC heap before
{Heap before GC invocations=9 (full 0):
 garbage-first heap   total 120832K, used 73259K [0x00000000a0e00000, 0x0000000100000000)
  region size 1024K, 62 young (63488K), 7 survivors (7168K)
 Metaspace       used 53655K, capacity 54896K, committed 55040K, reserved 1097728K
  class space    used 6612K, capacity 7094K, committed 7168K, reserved 1048576K
}
Event: 13.271 GC heap after
{Heap after GC invocations=10 (full 0):
 garbage-first heap   total 120832K, used 18874K [0x00000000a0e00000, 0x0000000100000000)
  region size 1024K, 6 young (6144K), 6 survivors (6144K)
 Metaspace       used 53655K, capacity 54896K, committed 55040K, reserved 1097728K
  class space    used 6612K, capacity 7094K, committed 7168K, reserved 1048576K
}
Event: 14.339 GC heap before
{Heap before GC invocations=10 (full 0):
 garbage-first heap   total 120832K, used 46522K [0x00000000a0e00000, 0x0000000100000000)
  region size 1024K, 34 young (34816K), 6 survivors (6144K)
 Metaspace       used 58570K, capacity 59886K, committed 59904K, reserved 1101824K
  class space    used 7397K, capacity 7921K, committed 7936K, reserved 1048576K
}
Event: 14.347 GC heap after
{Heap after GC invocations=11 (full 0):
 garbage-first heap   total 120832K, used 19876K [0x00000000a0e00000, 0x0000000100000000)
  region size 1024K, 4 young (4096K), 4 survivors (4096K)
 Metaspace       used 58570K, capacity 59886K, committed 59904K, reserved 1101824K
  class space    used 7397K, capacity 7921K, committed 7936K, reserved 1048576K
}

Deoptimization events (20 events):
Event: 14.631 Thread 0x000001e651f2c000 Uncommon trap: trap_request=0xffffff4d fr.pc=0x000001e663a927f0 relative=0x00000000000001b0
Event: 14.631 Thread 0x000001e651f2c000 Uncommon trap: reason=unstable_if action=reinterpret pc=0x000001e663a927f0 method=org.springframework.beans.factory.support.AbstractAutowireCapableBeanFactory.determineTargetType(Ljava/lang/String;Lorg/springframework/beans/factory/support/RootBeanDefinit
Event: 14.631 Thread 0x000001e651f2c000 DEOPT PACKING pc=0x000001e663a927f0 sp=0x00000071eebfcb90
Event: 14.631 Thread 0x000001e651f2c000 DEOPT UNPACKING pc=0x000001e65beba1af sp=0x00000071eebfcb48 mode 2
Event: 14.660 Thread 0x000001e651f2c000 Uncommon trap: trap_request=0xffffff4d fr.pc=0x000001e663bb7f70 relative=0x00000000000001d0
Event: 14.660 Thread 0x000001e651f2c000 Uncommon trap: reason=unstable_if action=reinterpret pc=0x000001e663bb7f70 method=java.util.ArrayDeque.addLast(Ljava/lang/Object;)V @ 42 c2
Event: 14.660 Thread 0x000001e651f2c000 DEOPT PACKING pc=0x000001e663bb7f70 sp=0x00000071eebfc8e0
Event: 14.660 Thread 0x000001e651f2c000 DEOPT UNPACKING pc=0x000001e65beba1af sp=0x00000071eebfc838 mode 2
Event: 14.724 Thread 0x000001e651f2c000 Uncommon trap: trap_request=0xfffffff4 fr.pc=0x000001e663be2ff8 relative=0x0000000000001c78
Event: 14.724 Thread 0x000001e651f2c000 Uncommon trap: reason=null_check action=make_not_entrant pc=0x000001e663be2ff8 method=java.lang.Class.getMethodsRecursive(Ljava/lang/String;[Ljava/lang/Class;Z)Ljava/lang/PublicMethods$MethodList; @ 26 c2
Event: 14.724 Thread 0x000001e651f2c000 DEOPT PACKING pc=0x000001e663be2ff8 sp=0x00000071eebfc4f0
Event: 14.724 Thread 0x000001e651f2c000 DEOPT UNPACKING pc=0x000001e65beba1af sp=0x00000071eebfc4c8 mode 2
Event: 14.999 Thread 0x000001e651f2c000 Uncommon trap: trap_request=0xffffff5c fr.pc=0x000001e663ae8f20 relative=0x00000000000005a0
Event: 14.999 Thread 0x000001e651f2c000 Uncommon trap: reason=speculate_null_assert action=make_not_entrant pc=0x000001e663ae8f20 method=org.springframework.util.ConcurrentReferenceHashMap$Segment.restructureIfNecessary(Z)V @ 41 c2
Event: 14.999 Thread 0x000001e651f2c000 DEOPT PACKING pc=0x000001e663ae8f20 sp=0x00000071eebfcb20
Event: 14.999 Thread 0x000001e651f2c000 DEOPT UNPACKING pc=0x000001e65beba1af sp=0x00000071eebfc968 mode 2
Event: 15.137 Thread 0x000001e651f2c000 Uncommon trap: trap_request=0xffffff5c fr.pc=0x000001e663a733b8 relative=0x00000000000003d8
Event: 15.137 Thread 0x000001e651f2c000 Uncommon trap: reason=speculate_null_assert action=make_not_entrant pc=0x000001e663a733b8 method=org.springframework.util.ConcurrentReferenceHashMap$Segment.restructureIfNecessary(Z)V @ 41 c2
Event: 15.137 Thread 0x000001e651f2c000 DEOPT PACKING pc=0x000001e663a733b8 sp=0x00000071eebfb990
Event: 15.137 Thread 0x000001e651f2c000 DEOPT UNPACKING pc=0x000001e65beba1af sp=0x00000071eebfb948 mode 2

Classes redefined (0 events):
No events

Internal exceptions (20 events):
Event: 14.613 Thread 0x000001e651f2c000 Exception <a 'java/lang/ClassNotFoundException'{0x00000000a7d12510}: org/springframework/beans/factory/AwareCustomizer> (0x00000000a7d12510) thrown at [./src/hotspot/share/classfile/systemDictionary.cpp, line 230]
Event: 14.613 Thread 0x000001e651f2c000 Exception <a 'java/lang/ClassNotFoundException'{0x00000000a7d27310}: org/springframework/context/ApplicationEventPublisherAwareCustomizer> (0x00000000a7d27310) thrown at [./src/hotspot/share/classfile/systemDictionary.cpp, line 230]
Event: 14.614 Thread 0x000001e651f2c000 Exception <a 'java/lang/ClassNotFoundException'{0x00000000a7d3ab58}: org/springframework/beans/factory/AwareCustomizer> (0x00000000a7d3ab58) thrown at [./src/hotspot/share/classfile/systemDictionary.cpp, line 230]
Event: 14.634 Thread 0x000001e651f2c000 Exception <a 'java/lang/ClassNotFoundException'{0x00000000a7d6a400}: java/lang/ObjectCustomizer> (0x00000000a7d6a400) thrown at [./src/hotspot/share/classfile/systemDictionary.cpp, line 230]
Event: 14.636 Thread 0x000001e651f2c000 Exception <a 'java/lang/ClassNotFoundException'{0x00000000a7d827e8}: org/springframework/core/io/support/PropertiesLoaderSupportCustomizer> (0x00000000a7d827e8) thrown at [./src/hotspot/share/classfile/systemDictionary.cpp, line 230]
Event: 14.638 Thread 0x000001e651f2c000 Exception <a 'java/lang/ClassNotFoundException'{0x00000000a7da0648}: org/springframework/beans/factory/config/PropertiesFactoryBeanCustomizer> (0x00000000a7da0648) thrown at [./src/hotspot/share/classfile/systemDictionary.cpp, line 230]
Event: 14.640 Thread 0x000001e651f2c000 Exception <a 'java/lang/ClassNotFoundException'{0x00000000a7dc3db8}: org/springframework/beans/factory/FactoryBeanCustomizer> (0x00000000a7dc3db8) thrown at [./src/hotspot/share/classfile/systemDictionary.cpp, line 230]
Event: 14.640 Thread 0x000001e651f2c000 Exception <a 'java/lang/ClassNotFoundException'{0x00000000a7dda1b8}: org/springframework/beans/factory/InitializingBeanCustomizer> (0x00000000a7dda1b8) thrown at [./src/hotspot/share/classfile/systemDictionary.cpp, line 230]
Event: 14.724 Thread 0x000001e651f2c000 Implicit null exception at 0x000001e663be1406 to 0x000001e663be2fe6
Event: 15.025 Thread 0x000001e651f2c000 Exception <a 'java/lang/ClassNotFoundException'{0x00000000a7233b48}: java/lang/ObjectCustomizer> (0x00000000a7233b48) thrown at [./src/hotspot/share/classfile/systemDictionary.cpp, line 230]
Event: 15.026 Thread 0x000001e651f2c000 Exception <a 'java/lang/ClassNotFoundException'{0x00000000a72485d8}: com/r2g/msshopping/entity/InvoiceCustomizer> (0x00000000a72485d8) thrown at [./src/hotspot/share/classfile/systemDictionary.cpp, line 230]
Event: 15.108 Thread 0x000001e651f2c000 Exception <a 'java/lang/NoSuchMethodError'{0x00000000a71878b0}: 'int java.lang.invoke.DirectMethodHandle$Holder.invokeVirtual(java.lang.Object, java.lang.Object, java.lang.Object)'> (0x00000000a71878b0) thrown at [./src/hotspot/share/interpreter/linkResolver.cpp, line 773]
Event: 15.172 Thread 0x000001e651f2c000 Exception <a 'java/lang/ClassNotFoundException'{0x00000000a71f9528}: java/lang/ObjectCustomizer> (0x00000000a71f9528) thrown at [./src/hotspot/share/classfile/systemDictionary.cpp, line 230]
Event: 15.175 Thread 0x000001e651f2c000 Exception <a 'java/lang/ClassNotFoundException'{0x00000000a700eda8}: com/r2g/msshopping/entity/InvoiceItemCustomizer> (0x00000000a700eda8) thrown at [./src/hotspot/share/classfile/systemDictionary.cpp, line 230]
Event: 15.293 Thread 0x000001e651f2c000 Exception <a 'java/lang/IncompatibleClassChangeError'{0x00000000a6fec608}: Found class java.lang.Object, but interface was expected> (0x00000000a6fec608) thrown at [./src/hotspot/share/interpreter/linkResolver.cpp, line 839]
Event: 15.913 Thread 0x000001e651f2c000 Exception <a 'java/lang/reflect/InvocationTargetException'{0x00000000a63e1110}> (0x00000000a63e1110) thrown at [./src/hotspot/share/runtime/reflection.cpp, line 1247]
Event: 16.031 Thread 0x000001e651f2c000 Exception <a 'java/lang/NoSuchMethodError'{0x00000000a626ae78}: 'java.lang.Object java.lang.invoke.DirectMethodHandle$Holder.invokeStatic(java.lang.Object, java.lang.Object, int, java.lang.Object)'> (0x00000000a626ae78) thrown at [./src/hotspot/share/interpreter/linkResolver.cpp, line 773]
Event: 16.035 Thread 0x000001e651f2c000 Exception <a 'java/lang/NoSuchMethodError'{0x00000000a6271b50}: 'java.lang.Object java.lang.invoke.Invokers$Holder.linkToTargetMethod(java.lang.Object, int, java.lang.Object)'> (0x00000000a6271b50) thrown at [./src/hotspot/share/interpreter/linkResolver.cpp, line 773]
Event: 16.068 Thread 0x000001e651f2c000 Exception <a 'java/lang/IncompatibleClassChangeError'{0x00000000a62ab9c8}: Found class java.lang.Object, but interface was expected> (0x00000000a62ab9c8) thrown at [./src/hotspot/share/interpreter/linkResolver.cpp, line 839]
Event: 16.356 Thread 0x000001e651f2c000 Exception <a 'java/lang/reflect/InvocationTargetException'{0x00000000a60a4b80}> (0x00000000a60a4b80) thrown at [./src/hotspot/share/runtime/reflection.cpp, line 1247]

Events (20 events):
Event: 16.333 loading class org/springframework/data/jpa/repository/query/QueryParameterSetter
Event: 16.333 loading class org/springframework/data/jpa/repository/query/QueryParameterSetter done
Event: 16.335 loading class org/springframework/data/jpa/repository/query/QueryParameterSetterFactory$CriteriaQueryParameterSetterFactory
Event: 16.335 loading class org/springframework/data/jpa/repository/query/QueryParameterSetterFactory$CriteriaQueryParameterSetterFactory done
Event: 16.340 loading class org/springframework/data/jpa/repository/query/StringQuery$ParameterBinding
Event: 16.340 loading class org/springframework/data/jpa/repository/query/StringQuery$ParameterBinding done
Event: 16.344 loading class org/springframework/data/jpa/repository/query/StringQuery$ParameterBinding
Event: 16.344 loading class org/springframework/data/jpa/repository/query/StringQuery$ParameterBinding done
Event: 16.344 loading class org/springframework/data/jpa/repository/query/QueryParameterSetterFactory$CriteriaQueryParameterSetterFactory
Event: 16.344 loading class org/springframework/data/jpa/repository/query/QueryParameterSetterFactory$CriteriaQueryParameterSetterFactory done
Event: 16.346 loading class org/springframework/data/jpa/repository/query/QueryParameterSetter$NamedOrIndexedQueryParameterSetter
Event: 16.346 loading class org/springframework/data/jpa/repository/query/QueryParameterSetter$NamedOrIndexedQueryParameterSetter done
Event: 16.349 loading class org/springframework/data/jpa/repository/query/JpaParameters$JpaParameter
Event: 16.349 loading class org/springframework/data/jpa/repository/query/JpaParameters$JpaParameter done
Event: 16.349 loading class org/springframework/data/jpa/repository/query/JpaParametersParameterAccessor
Event: 16.349 loading class org/springframework/data/jpa/repository/query/JpaParametersParameterAccessor done
Event: 16.349 loading class org/springframework/data/jpa/repository/query/QueryParameterSetterFactory$CriteriaQueryParameterSetterFactory
Event: 16.349 loading class org/springframework/data/jpa/repository/query/QueryParameterSetterFactory$CriteriaQueryParameterSetterFactory done
Event: 16.364 loading class org/springframework/data/repository/core/support/RepositoryFactorySupport$ImplementationMethodExecutionInterceptor
Event: 16.364 loading class org/springframework/data/repository/core/support/RepositoryFactorySupport$ImplementationMethodExecutionInterceptor done


Dynamic libraries:
0x00007ff646a80000 - 0x00007ff646a8d000 	C:\Users\ronal\.jdks\corretto-11.0.17\bin\java.exe
0x00007ffaf8550000 - 0x00007ffaf8764000 	C:\WINDOWS\SYSTEM32\ntdll.dll
0x00007ffaf7190000 - 0x00007ffaf7252000 	C:\WINDOWS\System32\KERNEL32.DLL
0x00007ffaf59b0000 - 0x00007ffaf5d4d000 	C:\WINDOWS\System32\KERNELBASE.dll
0x00007ffaf5ec0000 - 0x00007ffaf5fd1000 	C:\WINDOWS\System32\ucrtbase.dll
0x00007ffac4750000 - 0x00007ffac4769000 	C:\Users\ronal\.jdks\corretto-11.0.17\bin\VCRUNTIME140.dll
0x00007ffac4a60000 - 0x00007ffac4a77000 	C:\Users\ronal\.jdks\corretto-11.0.17\bin\jli.dll
0x00007ffaf8330000 - 0x00007ffaf84da000 	C:\WINDOWS\System32\USER32.dll
0x00007ffae8c70000 - 0x00007ffae8efe000 	C:\WINDOWS\WinSxS\amd64_microsoft.windows.common-controls_6595b64144ccf1df_6.0.22621.608_none_a9444ca7c10bb01d\COMCTL32.dll
0x00007ffaf5980000 - 0x00007ffaf59a6000 	C:\WINDOWS\System32\win32u.dll
0x00007ffaf63a0000 - 0x00007ffaf6447000 	C:\WINDOWS\System32\msvcrt.dll
0x00007ffaf81f0000 - 0x00007ffaf8219000 	C:\WINDOWS\System32\GDI32.dll
0x00007ffaf60f0000 - 0x00007ffaf6202000 	C:\WINDOWS\System32\gdi32full.dll
0x00007ffaf5fe0000 - 0x00007ffaf607a000 	C:\WINDOWS\System32\msvcp_win.dll
0x00007ffaf6360000 - 0x00007ffaf6392000 	C:\WINDOWS\System32\IMM32.DLL
0x00007ffac41d0000 - 0x00007ffac426b000 	C:\Users\ronal\.jdks\corretto-11.0.17\bin\msvcp140.dll
0x00007ffa9d650000 - 0x00007ffa9e1d5000 	C:\Users\ronal\.jdks\corretto-11.0.17\bin\server\jvm.dll
0x00007ffaf6670000 - 0x00007ffaf671e000 	C:\WINDOWS\System32\ADVAPI32.dll
0x00007ffaf70e0000 - 0x00007ffaf7184000 	C:\WINDOWS\System32\sechost.dll
0x00007ffaf7980000 - 0x00007ffaf7a95000 	C:\WINDOWS\System32\RPCRT4.dll
0x00007ffaf8240000 - 0x00007ffaf8248000 	C:\WINDOWS\System32\PSAPI.DLL
0x00007ffad91b0000 - 0x00007ffad91b9000 	C:\WINDOWS\SYSTEM32\WSOCK32.dll
0x00007ffaf7aa0000 - 0x00007ffaf7b11000 	C:\WINDOWS\System32\WS2_32.dll
0x00007ffaec0a0000 - 0x00007ffaec0aa000 	C:\WINDOWS\SYSTEM32\VERSION.dll
0x00007ffaf0610000 - 0x00007ffaf0644000 	C:\WINDOWS\SYSTEM32\WINMM.dll
0x00007ffaf49c0000 - 0x00007ffaf49d8000 	C:\WINDOWS\SYSTEM32\kernel.appcore.dll
0x00007ffae4bc0000 - 0x00007ffae4bd0000 	C:\Users\ronal\.jdks\corretto-11.0.17\bin\verify.dll
0x00007ffaf30b0000 - 0x00007ffaf32de000 	C:\WINDOWS\SYSTEM32\DBGHELP.DLL
0x00007ffaf72e0000 - 0x00007ffaf766a000 	C:\WINDOWS\System32\combase.dll
0x00007ffaf8250000 - 0x00007ffaf8327000 	C:\WINDOWS\System32\OLEAUT32.dll
0x00007ffaed030000 - 0x00007ffaed062000 	C:\WINDOWS\SYSTEM32\dbgcore.DLL
0x00007ffaf6210000 - 0x00007ffaf628b000 	C:\WINDOWS\System32\bcryptPrimitives.dll
0x00007ffac4490000 - 0x00007ffac44b8000 	C:\Users\ronal\.jdks\corretto-11.0.17\bin\java.dll
0x00007ffae3160000 - 0x00007ffae316a000 	C:\Users\ronal\.jdks\corretto-11.0.17\bin\jimage.dll
0x00007ffac4730000 - 0x00007ffac4748000 	C:\Users\ronal\.jdks\corretto-11.0.17\bin\zip.dll
0x00007ffaf6720000 - 0x00007ffaf6f00000 	C:\WINDOWS\System32\SHELL32.dll
0x00007ffaf3970000 - 0x00007ffaf4235000 	C:\WINDOWS\SYSTEM32\windows.storage.dll
0x00007ffaf3830000 - 0x00007ffaf396e000 	C:\WINDOWS\SYSTEM32\wintypes.dll
0x00007ffaf6f90000 - 0x00007ffaf7081000 	C:\WINDOWS\System32\SHCORE.dll
0x00007ffaf6450000 - 0x00007ffaf64ae000 	C:\WINDOWS\System32\shlwapi.dll
0x00007ffaf58b0000 - 0x00007ffaf58d1000 	C:\WINDOWS\SYSTEM32\profapi.dll
0x00007ffac4470000 - 0x00007ffac4489000 	C:\Users\ronal\.jdks\corretto-11.0.17\bin\net.dll
0x00007ffaefab0000 - 0x00007ffaefbdf000 	C:\WINDOWS\SYSTEM32\WINHTTP.dll
0x00007ffaf4e50000 - 0x00007ffaf4eb9000 	C:\WINDOWS\system32\mswsock.dll
0x00007ffac41b0000 - 0x00007ffac41c3000 	C:\Users\ronal\.jdks\corretto-11.0.17\bin\nio.dll
0x00007ffadacb0000 - 0x00007ffadacb9000 	C:\Users\ronal\.jdks\corretto-11.0.17\bin\management.dll
0x00007ffac50d0000 - 0x00007ffac50db000 	C:\Users\ronal\.jdks\corretto-11.0.17\bin\management_ext.dll
0x00007ffad9000000 - 0x00007ffad9017000 	C:\WINDOWS\system32\napinsp.dll
0x00007fface570000 - 0x00007fface58b000 	C:\WINDOWS\system32\pnrpnsp.dll
0x00007ffaf4500000 - 0x00007ffaf45f2000 	C:\WINDOWS\SYSTEM32\DNSAPI.dll
0x00007ffaf4490000 - 0x00007ffaf44bd000 	C:\WINDOWS\SYSTEM32\IPHLPAPI.DLL
0x00007ffaf6350000 - 0x00007ffaf6359000 	C:\WINDOWS\System32\NSI.dll
0x00007ffaca4d0000 - 0x00007ffaca4e1000 	C:\WINDOWS\System32\winrnr.dll
0x00007ffaca4b0000 - 0x00007ffaca4c5000 	C:\WINDOWS\system32\wshbth.dll
0x00007ffaca480000 - 0x00007ffaca4a1000 	C:\WINDOWS\system32\nlansp_c.dll
0x00007ffaeb320000 - 0x00007ffaeb32a000 	C:\Windows\System32\rasadhlp.dll
0x00007ffaee1c0000 - 0x00007ffaee243000 	C:\WINDOWS\System32\fwpuclnt.dll
0x00007ffaf5090000 - 0x00007ffaf50ab000 	C:\WINDOWS\SYSTEM32\CRYPTSP.dll
0x00007ffaf4930000 - 0x00007ffaf4965000 	C:\WINDOWS\system32\rsaenh.dll
0x00007ffaf4f40000 - 0x00007ffaf4f68000 	C:\WINDOWS\SYSTEM32\USERENV.dll
0x00007ffaf5230000 - 0x00007ffaf5258000 	C:\WINDOWS\SYSTEM32\bcrypt.dll
0x00007ffaf50b0000 - 0x00007ffaf50bc000 	C:\WINDOWS\SYSTEM32\CRYPTBASE.dll
0x00007ffaef3c0000 - 0x00007ffaef3d9000 	C:\WINDOWS\SYSTEM32\dhcpcsvc6.DLL
0x00007ffaeece0000 - 0x00007ffaeecff000 	C:\WINDOWS\SYSTEM32\dhcpcsvc.DLL
0x00007ffac5090000 - 0x00007ffac50b5000 	C:\Users\ronal\.jdks\corretto-11.0.17\bin\sunec.dll
0x00007ffac50c0000 - 0x00007ffac50ce000 	C:\Users\ronal\.jdks\corretto-11.0.17\bin\sunmscapi.dll
0x00007ffaf5d50000 - 0x00007ffaf5eb6000 	C:\WINDOWS\System32\CRYPT32.dll
0x00007ffaf5200000 - 0x00007ffaf522d000 	C:\WINDOWS\SYSTEM32\ncrypt.dll
0x00007ffaf51c0000 - 0x00007ffaf51f7000 	C:\WINDOWS\SYSTEM32\NTASN1.dll

dbghelp: loaded successfully - version: 4.0.5 - missing functions: none
symbol engine: initialized successfully - sym options: 0x614 - pdb path: .;C:\Users\ronal\.jdks\corretto-11.0.17\bin;C:\WINDOWS\SYSTEM32;C:\WINDOWS\WinSxS\amd64_microsoft.windows.common-controls_6595b64144ccf1df_6.0.22621.608_none_a9444ca7c10bb01d;C:\Users\ronal\.jdks\corretto-11.0.17\bin\server

VM Arguments:
jvm_args: -Dfile.encoding=windows-1252 -Duser.country=PE -Duser.language=es -Duser.variant 
java_command: com.r2g.msshopping.MsShoppingApplication
java_class_path (initial): D:\DEV_LEAR\JAVA\microservicios\nttdata-ms\ms-shopping\build\classes\java\main;D:\DEV_LEAR\JAVA\microservicios\nttdata-ms\ms-shopping\build\resources\main;C:\Users\ronal\.gradle\caches\modules-2\files-2.1\org.springframework.boot\spring-boot-starter-data-jpa\2.6.13\d77f23b919f3d7823e9e15743ef07a73fbe62734\spring-boot-starter-data-jpa-2.6.13.jar;C:\Users\ronal\.gradle\caches\modules-2\files-2.1\org.springframework.boot\spring-boot-starter-web\2.6.13\4702f52dfc597c9d022a17c2b7e94a7863201511\spring-boot-starter-web-2.6.13.jar;C:\Users\ronal\.gradle\caches\modules-2\files-2.1\org.springframework.boot\spring-boot-starter-validation\2.6.13\1f60183dd8bb852ddeb77570807f86c621f1e768\spring-boot-starter-validation-2.6.13.jar;C:\Users\ronal\.gradle\caches\modules-2\files-2.1\com.h2database\h2\1.4.200\f7533fe7cb8e99c87a43d325a77b4b678ad9031a\h2-1.4.200.jar;C:\Users\ronal\.gradle\caches\modules-2\files-2.1\org.springframework.boot\spring-boot-starter-aop\2.6.13\c3d1208ba3a442db5b3c4522816fb76e4cf05abc\spring-boot-starter-aop-2.6.13.jar;C:\Users\ronal\.gradle\caches\modules-2\files-2.1\org.springframework.boot\spring-boot-starter-jdbc\2.6.13\8de6aad039f265c52c8bc64ab462d0eeb387f0e8\spring-boot-starter-jdbc-2.6.13.jar;C:\Users\ronal\.gradle\caches\modules-2\files-2.1\jakarta.transaction\jakarta.transaction-api\1.3.3\c4179d48720a1e87202115fbed6089bdc4195405\jakarta.transaction-api-1.3.3.jar;C:\Users\ronal\.gradle\caches\modules-2\files-2.1\jakarta.persistence\jakarta.persistence-api\2.2.3\8f6ea5daedc614f07a3654a455660145286f024e\jakarta.persistence-api-2.2.3.jar;C:\Users\ronal\.gradle\caches\modules-2\files-2.1\org.hibernate\hibernate-core\5.6.12.Final\66720fe38bdb9515924d559b8aac7b522d7ae171\hibernate-core-5.6.12.Final.jar;C:\Users\ronal\.gradle\caches\modules-2\files-2.1\org.springframework.data\spring-data-jpa\2.6.9\29809f01ff239166a6788e198cb84b82b639207e\spring-data-jpa-2.6.9.jar;C:\Users\ronal\.gradle\caches\modules-2\files-2.1\org.springframework
Launcher Type: SUN_STANDARD

[Global flags]
     intx CICompilerCount                          = 4                                         {product} {ergonomic}
     uint ConcGCThreads                            = 2                                         {product} {ergonomic}
     uint G1ConcRefinementThreads                  = 8                                         {product} {ergonomic}
   size_t G1HeapRegionSize                         = 1048576                                   {product} {ergonomic}
    uintx GCDrainStackTargetSize                   = 64                                        {product} {ergonomic}
   size_t InitialHeapSize                          = 100663296                                 {product} {ergonomic}
   size_t MarkStackSize                            = 4194304                                   {product} {ergonomic}
   size_t MaxHeapSize                              = 1595932672                                {product} {ergonomic}
   size_t MaxNewSize                               = 957349888                                 {product} {ergonomic}
   size_t MinHeapDeltaBytes                        = 1048576                                   {product} {ergonomic}
    uintx NonNMethodCodeHeapSize                   = 5836300                                {pd product} {ergonomic}
    uintx NonProfiledCodeHeapSize                  = 122910970                              {pd product} {ergonomic}
    uintx ProfiledCodeHeapSize                     = 122910970                              {pd product} {ergonomic}
    uintx ReservedCodeCacheSize                    = 251658240                              {pd product} {ergonomic}
     bool SegmentedCodeCache                       = true                                      {product} {ergonomic}
     bool UseCompressedClassPointers               = true                                 {lp64_product} {ergonomic}
     bool UseCompressedOops                        = true                                 {lp64_product} {ergonomic}
     bool UseG1GC                                  = true                                      {product} {ergonomic}
     bool UseLargePagesIndividualAllocation        = false                                  {pd product} {ergonomic}

Logging:
Log output configuration:
 #0: stdout all=warning uptime,level,tags
 #1: stderr all=off uptime,level,tags

Environment Variables:
JAVA_HOME=C:\Program Files\Eclipse Adoptium\jdk-11.0.13.8-hotspot\bin
PATH=C:\Program Files\Eclipse Adoptium\jdk-8.0.312.7-hotspot\bin;C:\Program Files\Eclipse Adoptium\jdk-11.0.13.8-hotspot\bin;C:\Program Files (x86)\Common Files\Oracle\Java\javapath;C:\WINDOWS\system32;C:\WINDOWS;C:\WINDOWS\System32\Wbem;C:\WINDOWS\System32\WindowsPowerShell\v1.0\;C:\WINDOWS\System32\OpenSSH\;C:\Program Files\PuTTY\;C:\xampp\php;C:\ProgramData\ComposerSetup\bin;C:\Program Files\Git\cmd;C:\Program Files\Microsoft SQL Server\110\Tools\Binn\;C:\Program Files\Microsoft SQL Server\Client SDK\ODBC\170\Tools\Binn\;C:\Program Files (x86)\Microsoft SQL Server\150\Tools\Binn\;C:\Program Files\Microsoft SQL Server\150\Tools\Binn\;C:\Program Files\Microsoft SQL Server\150\DTS\Binn\;C:\Program Files (x86)\Microsoft SQL Server\150\DTS\Binn\;C:\Program Files\Microsoft SQL Server\Client SDK\ODBC\110\Tools\Binn\;C:\Program Files (x86)\Microsoft SQL Server\120\Tools\Binn\ManagementStudio\;C:\Program Files (x86)\Microsoft SQL Server\120\Tools\Binn\;C:\Program Files\Microsoft SQL Server\120\Tools\Binn\;C:\Program Files (x86)\Microsoft SQL Server\120\DTS\Binn\;C:\Program Files\Microsoft SQL Server\120\DTS\Binn\;;C:\Program Files\Docker\Docker\resources\bin;C:\ProgramData\DockerDesktop\version-bin;C:\Program Files\nodejs\;C:\ProgramData\chocolatey\bin;C:\Users\ronal\AppData\Local\Microsoft\WindowsApps;C:\Users\ronal\AppData\Local\Programs\Microsoft VS Code\bin;C:\Users\ronal\AppData\Roaming\Composer\vendor\bin;C:\Users\ronal\AppData\Local\GitHubDesktop\bin;C:\Program Files\JetBrains\IntelliJ IDEA Community Edition 2021.3\bin;;C:\Program Files\JetBrains\IntelliJ IDEA 2021.2.3\bin;;C:\apache-maven\bin;C:\Program Files\MongoDB\Server\5.0\bin;C:\Users\ronal\AppData\Roaming\npm;D:\dev_tools\Redis;;C:\Program Files\JetBrains\PyCharm Community Edition 2022.2.1\bin;
USERNAME=ronal
OS=Windows_NT
PROCESSOR_IDENTIFIER=AMD64 Family 23 Model 24 Stepping 1, AuthenticAMD
TMP=C:\Users\ronal\AppData\Local\Temp
TEMP=C:\Users\ronal\AppData\Local\Temp



---------------  S Y S T E M  ---------------

OS: Windows 11 , 64 bit Build 22621 (10.0.22621.755)
OS uptime: 9 days 17:29 hours
Hyper-V role detected

CPU:total 8 (initial active 8) (8 cores per cpu, 2 threads per core) family 23 model 24 stepping 1 microcode 0x0, cmov, cx8, fxsr, mmx, sse, sse2, sse3, ssse3, sse4.1, sse4.2, popcnt, avx, avx2, aes, clmul, mmxext, 3dnowpref, lzcnt, sse4a, ht, tsc, tscinvbit, tscinv, bmi1, bmi2, adx, sha, fma

Memory: 4k page, system-wide physical 6082M (331M free)
TotalPageFile size 24514M (AvailPageFile size 9M)
current process WorkingSet (physical memory assigned to process): 275M, peak: 284M
current process commit charge ("private bytes"): 341M, peak: 346M

vm_info: OpenJDK 64-Bit Server VM (11.0.17+8-LTS) for windows-amd64 JRE (11.0.17+8-LTS), built on Oct 14 2022 18:02:01 by "Administrator" with MS VC++ 15.9 (VS2017)

END.
